C:\Program Files\Microsoft Visual Studio\2022\Community\MSBuild\Microsoft\VC\v170\Microsoft.CppBuild.targets(531,5): warning MSB8028: The intermediate directory (C:\Users\sharm\source\repos\Kolam ImGui\example_sdl2_sdlrenderer2\Debug\) contains files shared from another project (example_sdl2_sdlrenderer2.vcxproj).  This can lead to incorrect clean and rebuild behavior.
  DrawKolam.cpp
C:\Users\sharm\source\repos\Kolam ImGui\example_sdl2_sdlrenderer2\core.h(11,10): warning C4067: unexpected tokens following preprocessor directive - expected a newline
C:\Users\sharm\source\repos\Kolam ImGui\example_sdl2_sdlrenderer2\DrawKolam.cpp(55,17): warning C4305: '=': truncation from 'double' to 'float'
C:\Users\sharm\source\repos\Kolam ImGui\example_sdl2_sdlrenderer2\DrawKolam.cpp(69,8): warning C4244: 'initializing': conversion from 'float' to 'int', possible loss of data
C:\Users\sharm\source\repos\Kolam ImGui\example_sdl2_sdlrenderer2\DrawKolam.cpp(70,37): warning C4244: 'argument': conversion from 'int' to 'float', possible loss of data
C:\Users\sharm\source\repos\Kolam ImGui\example_sdl2_sdlrenderer2\DrawKolam.cpp(78,7): warning C4456: declaration of 'y' hides previous local declaration
C:\Users\sharm\source\repos\Kolam ImGui\example_sdl2_sdlrenderer2\DrawKolam.cpp(78,9): warning C4244: 'initializing': conversion from 'float' to 'int', possible loss of data
C:\Users\sharm\source\repos\Kolam ImGui\example_sdl2_sdlrenderer2\DrawKolam.cpp(79,35): warning C4244: 'argument': conversion from 'int' to 'float', possible loss of data
C:\Users\sharm\source\repos\Kolam ImGui\example_sdl2_sdlrenderer2\DrawKolam.cpp(116,21): warning C4305: '=': truncation from 'double' to 'float'
C:\Users\sharm\source\repos\Kolam ImGui\example_sdl2_sdlrenderer2\DrawKolam.cpp(141,27): warning C4244: '=': conversion from 'float' to 'int', possible loss of data
C:\Users\sharm\source\repos\Kolam ImGui\example_sdl2_sdlrenderer2\DrawKolam.cpp(142,37): warning C4244: 'argument': conversion from 'int' to 'float', possible loss of data
C:\Users\sharm\source\repos\Kolam ImGui\example_sdl2_sdlrenderer2\DrawKolam.cpp(146,13): warning C4244: 'initializing': conversion from 'float' to 'int', possible loss of data
C:\Users\sharm\source\repos\Kolam ImGui\example_sdl2_sdlrenderer2\DrawKolam.cpp(150,34): warning C4244: 'argument': conversion from 'float' to 'int', possible loss of data
C:\Users\sharm\source\repos\Kolam ImGui\example_sdl2_sdlrenderer2\DrawKolam.cpp(151,11): warning C4244: '=': conversion from 'int' to 'float', possible loss of data
C:\Users\sharm\source\repos\Kolam ImGui\example_sdl2_sdlrenderer2\DrawKolam.cpp(164,27): warning C4244: '=': conversion from 'float' to 'int', possible loss of data
C:\Users\sharm\source\repos\Kolam ImGui\example_sdl2_sdlrenderer2\DrawKolam.cpp(165,37): warning C4244: 'argument': conversion from 'int' to 'float', possible loss of data
C:\Users\sharm\source\repos\Kolam ImGui\example_sdl2_sdlrenderer2\DrawKolam.cpp(257,16): warning C4244: '=': conversion from 'double' to 'int', possible loss of data
C:\Users\sharm\source\repos\Kolam ImGui\example_sdl2_sdlrenderer2\DrawKolam.cpp(259,15): warning C4244: '=': conversion from 'double' to 'float', possible loss of data
C:\Users\sharm\source\repos\Kolam ImGui\example_sdl2_sdlrenderer2\DrawKolam.cpp(301,39): warning C4244: 'argument': conversion from 'float' to 'int', possible loss of data
C:\Program Files\Microsoft Visual Studio\2022\Community\VC\Tools\MSVC\14.40.33807\include\memory(3300,9): warning C5205: delete of an abstract class 'Scene' that has a non-virtual destructor results in undefined behavior
C:\Users\sharm\source\repos\Kolam ImGui\example_sdl2_sdlrenderer2\DrawKolam.cpp(328,1): warning C4701: potentially uninitialized local variable 'i' used
  example_sdl2_sdlrenderer2.vcxproj -> C:\Users\sharm\source\repos\Kolam ImGui\example_sdl2_sdlrenderer2\Debug\Kolam.exe
